21-Jun-2021 16:24:54.819 信息 [main] org.apache.catalina.startup.VersionLoggerListener.log Server.æå¡å¨çæ¬: Apache Tomcat/@VERSION@
21-Jun-2021 16:24:54.824 信息 [main] org.apache.catalina.startup.VersionLoggerListener.log æå¡å¨æå»º:        @VERSION_BUILT@
21-Jun-2021 16:24:54.825 信息 [main] org.apache.catalina.startup.VersionLoggerListener.log æå¡å¨çæ¬å·:      @VERSION_NUMBER@
21-Jun-2021 16:24:54.825 信息 [main] org.apache.catalina.startup.VersionLoggerListener.log æä½ç³»ç»åç§°:      Windows 10
21-Jun-2021 16:24:54.825 信息 [main] org.apache.catalina.startup.VersionLoggerListener.log OS.çæ¬:           10.0
21-Jun-2021 16:24:54.825 信息 [main] org.apache.catalina.startup.VersionLoggerListener.log æ¶æ:              amd64
21-Jun-2021 16:24:54.825 信息 [main] org.apache.catalina.startup.VersionLoggerListener.log Java ç¯å¢åé:     J:\jdk8_181\jre
21-Jun-2021 16:24:54.825 信息 [main] org.apache.catalina.startup.VersionLoggerListener.log Javaèææºçæ¬:    1.8.0_181-b13
21-Jun-2021 16:24:54.825 信息 [main] org.apache.catalina.startup.VersionLoggerListener.log JVM.ä¾åºå:        Oracle Corporation
21-Jun-2021 16:24:54.825 信息 [main] org.apache.catalina.startup.VersionLoggerListener.log CATALINA_BASE:     D:\tomcat8\catalina-home
21-Jun-2021 16:24:54.825 信息 [main] org.apache.catalina.startup.VersionLoggerListener.log CATALINA_HOME:     D:\tomcat8\catalina-home
21-Jun-2021 16:24:54.825 信息 [main] org.apache.catalina.startup.VersionLoggerListener.log å½ä»¤è¡åæ°ï¼       -Dcatalina.home=catalina-home
21-Jun-2021 16:24:54.825 信息 [main] org.apache.catalina.startup.VersionLoggerListener.log å½ä»¤è¡åæ°ï¼       -Dcatalina.base=catalina-home
21-Jun-2021 16:24:54.826 信息 [main] org.apache.catalina.startup.VersionLoggerListener.log å½ä»¤è¡åæ°ï¼       -Djava.endorsed.dirs=catalina-home/endorsed
21-Jun-2021 16:24:54.826 信息 [main] org.apache.catalina.startup.VersionLoggerListener.log å½ä»¤è¡åæ°ï¼       -Djava.io.tmpdir=catalina-home/temp
21-Jun-2021 16:24:54.826 信息 [main] org.apache.catalina.startup.VersionLoggerListener.log å½ä»¤è¡åæ°ï¼       -Djava.util.logging.manager=org.apache.juli.ClassLoaderLogManager
21-Jun-2021 16:24:54.826 信息 [main] org.apache.catalina.startup.VersionLoggerListener.log å½ä»¤è¡åæ°ï¼       -Djava.util.logging.config.file=catalina-home/conf/logging.properties
21-Jun-2021 16:24:54.826 信息 [main] org.apache.catalina.startup.VersionLoggerListener.log å½ä»¤è¡åæ°ï¼       -javaagent:J:\IntelliJ IDEA 2019.2.4\lib\idea_rt.jar=53165:J:\IntelliJ IDEA 2019.2.4\bin
21-Jun-2021 16:24:54.826 信息 [main] org.apache.catalina.startup.VersionLoggerListener.log å½ä»¤è¡åæ°ï¼       -Dfile.encoding=UTF-8
21-Jun-2021 16:24:54.826 信息 [main] org.apache.catalina.core.AprLifecycleListener.lifecycleEvent å¨java.library.path:[J:\jdk8_181\bin;C:\WINDOWS\Sun\Java\bin;C:\WINDOWS\system32;C:\WINDOWS;C:\Program Files (x86)\Common Files\Oracle\Java\javapath;C:\WINDOWS\system32;C:\WINDOWS;C:\WINDOWS\System32\Wbem;C:\WINDOWS\System32\WindowsPowerShell\v1.0\;C:\WINDOWS\System32\OpenSSH\;J:\Git\cmd;J:\svn\bin;C:\Program Files\yunhsmsdk\lib64;J:\jdk8_181\bin;J:\erlang23.1\erl-23.1\bin;J:\php-7.3.11-nts-Win32-VC15-x64;J:\arcanist\Arcanist\arcanist\bin;J:\apache-jmeter-5.3\apache-jmeter-5.3\bin;J:\apache-maven-3.5.0\apache-maven-3.5.0\bin;J:\mysql-5.7.30-winx64\mysql-5.7.30-winx64\bin;C:\Program Files\Microsoft VS Code\bin;J:\mingw64\bin;D:\bin;J:\apache-ant-1.10.10-bin\apache-ant-1.10.10\bin;C:\Users\admin\AppData\Local\Programs\Python\Python37-32\Scripts\;C:\Users\admin\AppData\Local\Programs\Python\Python37-32\;C:\Program Files (x86)\yunhsmsdk\lib;C:\Program Files (x86)\Common Files\Oracle\Java\javapath;C:\WINDOWS\system32;C:\WINDOWS;C:\WINDOWS\System32\Wbem;C:\WINDOWS\System32\WindowsPowerShell\v1.0\;C:\WINDOWS\System32\OpenSSH\;J:\Git\cmd;J:\svn\bin;C:\Users\admin\AppData\Local\Microsoft\WindowsApps;J:\bandzip\;J:\IntelliJ IDEA 2019.2.4\bin;%USERPROFILE%\AppData\Local\Microsoft\WindowsApps;;.]ä¸æ¾ä¸å°åºäºAPRçApache Tomcatæ¬æºåºï¼è¯¥åºåè®¸å¨çäº§ç¯å¢ä¸­è·å¾æä½³æ§è½
21-Jun-2021 16:24:54.916 信息 [main] org.apache.coyote.AbstractProtocol.init åå§ååè®®å¤çå¨ ["http-nio-8080"]
21-Jun-2021 16:24:55.124 信息 [main] org.apache.tomcat.util.net.NioSelectorPool.getSharedSelector Using a shared selector for servlet write/read
21-Jun-2021 16:24:55.137 信息 [main] org.apache.catalina.startup.Catalina.load Initialization processed in 669 ms
21-Jun-2021 16:24:55.174 信息 [main] org.apache.catalina.core.StandardService.startInternal æ­£å¨å¯å¨æå¡[Catalina]
21-Jun-2021 16:24:55.174 信息 [main] org.apache.catalina.core.StandardEngine.startInternal æ­£å¨å¯å¨ Servlet å¼æï¼[Apache Tomcat/@VERSION@]
21-Jun-2021 16:24:55.194 信息 [localhost-startStop-1] org.apache.catalina.startup.HostConfig.deployDirectory æweb åºç¨ç¨åºé¨ç½²å°ç®å½ [D:\tomcat8\catalina-home\webapps\docs]
21-Jun-2021 16:24:55.528 信息 [localhost-startStop-1] org.apache.catalina.startup.HostConfig.deployDirectory Webåºç¨ç¨åºç®å½[D:\tomcat8\catalina-home\webapps\docs]çé¨ç½²å·²å¨[332]æ¯«ç§åå®æ
21-Jun-2021 16:24:55.528 信息 [localhost-startStop-1] org.apache.catalina.startup.HostConfig.deployDirectory æweb åºç¨ç¨åºé¨ç½²å°ç®å½ [D:\tomcat8\catalina-home\webapps\examples]
21-Jun-2021 16:24:55.618 严重 [localhost-startStop-1] org.apache.catalina.core.StandardContext.startInternal ä¸ä¸ªæå¤ä¸ªlistenerså¯å¨å¤±è´¥ï¼æ´å¤è¯¦ç»ä¿¡æ¯æ¥çå¯¹åºçå®¹å¨æ¥å¿æä»¶
21-Jun-2021 16:24:55.619 严重 [localhost-startStop-1] org.apache.catalina.core.StandardContext.startInternal ç±äºä¹åçéè¯¯ï¼Context[/examples]å¯å¨å¤±è´¥
21-Jun-2021 16:24:55.625 信息 [localhost-startStop-1] org.apache.catalina.startup.HostConfig.deployDirectory Webåºç¨ç¨åºç®å½[D:\tomcat8\catalina-home\webapps\examples]çé¨ç½²å·²å¨[97]æ¯«ç§åå®æ
21-Jun-2021 16:24:55.625 信息 [localhost-startStop-1] org.apache.catalina.startup.HostConfig.deployDirectory æweb åºç¨ç¨åºé¨ç½²å°ç®å½ [D:\tomcat8\catalina-home\webapps\host-manager]
21-Jun-2021 16:24:55.684 信息 [localhost-startStop-1] org.apache.catalina.startup.HostConfig.deployDirectory Webåºç¨ç¨åºç®å½[D:\tomcat8\catalina-home\webapps\host-manager]çé¨ç½²å·²å¨[59]æ¯«ç§åå®æ
21-Jun-2021 16:24:55.684 信息 [localhost-startStop-1] org.apache.catalina.startup.HostConfig.deployDirectory æweb åºç¨ç¨åºé¨ç½²å°ç®å½ [D:\tomcat8\catalina-home\webapps\manager]
21-Jun-2021 16:24:55.738 信息 [localhost-startStop-1] org.apache.catalina.startup.HostConfig.deployDirectory Webåºç¨ç¨åºç®å½[D:\tomcat8\catalina-home\webapps\manager]çé¨ç½²å·²å¨[54]æ¯«ç§åå®æ
21-Jun-2021 16:24:55.738 信息 [localhost-startStop-1] org.apache.catalina.startup.HostConfig.deployDirectory æweb åºç¨ç¨åºé¨ç½²å°ç®å½ [D:\tomcat8\catalina-home\webapps\ROOT]
21-Jun-2021 16:24:55.776 信息 [localhost-startStop-1] org.apache.catalina.startup.HostConfig.deployDirectory Webåºç¨ç¨åºç®å½[D:\tomcat8\catalina-home\webapps\ROOT]çé¨ç½²å·²å¨[38]æ¯«ç§åå®æ
21-Jun-2021 16:24:55.779 信息 [main] org.apache.coyote.AbstractProtocol.start å¼å§åè®®å¤çå¥æ["http-nio-8080"]
21-Jun-2021 16:24:55.787 信息 [main] org.apache.catalina.startup.Catalina.start Server startup in 650 ms
21-Jun-2021 16:26:46.318 信息 [main] org.apache.catalina.startup.VersionLoggerListener.log Server.æå¡å¨çæ¬: Apache Tomcat/@VERSION@
21-Jun-2021 16:26:46.320 信息 [main] org.apache.catalina.startup.VersionLoggerListener.log æå¡å¨æå»º:        @VERSION_BUILT@
21-Jun-2021 16:26:46.321 信息 [main] org.apache.catalina.startup.VersionLoggerListener.log æå¡å¨çæ¬å·:      @VERSION_NUMBER@
21-Jun-2021 16:26:46.321 信息 [main] org.apache.catalina.startup.VersionLoggerListener.log æä½ç³»ç»åç§°:      Windows 10
21-Jun-2021 16:26:46.321 信息 [main] org.apache.catalina.startup.VersionLoggerListener.log OS.çæ¬:           10.0
21-Jun-2021 16:26:46.321 信息 [main] org.apache.catalina.startup.VersionLoggerListener.log æ¶æ:              amd64
21-Jun-2021 16:26:46.321 信息 [main] org.apache.catalina.startup.VersionLoggerListener.log Java ç¯å¢åé:     J:\jdk8_181\jre
21-Jun-2021 16:26:46.321 信息 [main] org.apache.catalina.startup.VersionLoggerListener.log Javaèææºçæ¬:    1.8.0_181-b13
21-Jun-2021 16:26:46.321 信息 [main] org.apache.catalina.startup.VersionLoggerListener.log JVM.ä¾åºå:        Oracle Corporation
21-Jun-2021 16:26:46.321 信息 [main] org.apache.catalina.startup.VersionLoggerListener.log CATALINA_BASE:     D:\tomcat8\catalina-home
21-Jun-2021 16:26:46.321 信息 [main] org.apache.catalina.startup.VersionLoggerListener.log CATALINA_HOME:     D:\tomcat8\catalina-home
21-Jun-2021 16:26:46.321 信息 [main] org.apache.catalina.startup.VersionLoggerListener.log å½ä»¤è¡åæ°ï¼       -Dcatalina.home=catalina-home
21-Jun-2021 16:26:46.321 信息 [main] org.apache.catalina.startup.VersionLoggerListener.log å½ä»¤è¡åæ°ï¼       -Dcatalina.base=catalina-home
21-Jun-2021 16:26:46.321 信息 [main] org.apache.catalina.startup.VersionLoggerListener.log å½ä»¤è¡åæ°ï¼       -Djava.endorsed.dirs=catalina-home/endorsed
21-Jun-2021 16:26:46.322 信息 [main] org.apache.catalina.startup.VersionLoggerListener.log å½ä»¤è¡åæ°ï¼       -Djava.io.tmpdir=catalina-home/temp
21-Jun-2021 16:26:46.322 信息 [main] org.apache.catalina.startup.VersionLoggerListener.log å½ä»¤è¡åæ°ï¼       -Djava.util.logging.manager=org.apache.juli.ClassLoaderLogManager
21-Jun-2021 16:26:46.322 信息 [main] org.apache.catalina.startup.VersionLoggerListener.log å½ä»¤è¡åæ°ï¼       -Djava.util.logging.config.file=catalina-home/conf/logging.properties
21-Jun-2021 16:26:46.322 信息 [main] org.apache.catalina.startup.VersionLoggerListener.log å½ä»¤è¡åæ°ï¼       -javaagent:J:\IntelliJ IDEA 2019.2.4\lib\idea_rt.jar=53245:J:\IntelliJ IDEA 2019.2.4\bin
21-Jun-2021 16:26:46.322 信息 [main] org.apache.catalina.startup.VersionLoggerListener.log å½ä»¤è¡åæ°ï¼       -Dfile.encoding=UTF-8
21-Jun-2021 16:26:46.322 信息 [main] org.apache.catalina.core.AprLifecycleListener.lifecycleEvent å¨java.library.path:[J:\jdk8_181\bin;C:\WINDOWS\Sun\Java\bin;C:\WINDOWS\system32;C:\WINDOWS;C:\Program Files (x86)\Common Files\Oracle\Java\javapath;C:\WINDOWS\system32;C:\WINDOWS;C:\WINDOWS\System32\Wbem;C:\WINDOWS\System32\WindowsPowerShell\v1.0\;C:\WINDOWS\System32\OpenSSH\;J:\Git\cmd;J:\svn\bin;C:\Program Files\yunhsmsdk\lib64;J:\jdk8_181\bin;J:\erlang23.1\erl-23.1\bin;J:\php-7.3.11-nts-Win32-VC15-x64;J:\arcanist\Arcanist\arcanist\bin;J:\apache-jmeter-5.3\apache-jmeter-5.3\bin;J:\apache-maven-3.5.0\apache-maven-3.5.0\bin;J:\mysql-5.7.30-winx64\mysql-5.7.30-winx64\bin;C:\Program Files\Microsoft VS Code\bin;J:\mingw64\bin;D:\bin;J:\apache-ant-1.10.10-bin\apache-ant-1.10.10\bin;C:\Users\admin\AppData\Local\Programs\Python\Python37-32\Scripts\;C:\Users\admin\AppData\Local\Programs\Python\Python37-32\;C:\Program Files (x86)\yunhsmsdk\lib;C:\Program Files (x86)\Common Files\Oracle\Java\javapath;C:\WINDOWS\system32;C:\WINDOWS;C:\WINDOWS\System32\Wbem;C:\WINDOWS\System32\WindowsPowerShell\v1.0\;C:\WINDOWS\System32\OpenSSH\;J:\Git\cmd;J:\svn\bin;C:\Users\admin\AppData\Local\Microsoft\WindowsApps;J:\bandzip\;J:\IntelliJ IDEA 2019.2.4\bin;%USERPROFILE%\AppData\Local\Microsoft\WindowsApps;;.]ä¸æ¾ä¸å°åºäºAPRçApache Tomcatæ¬æºåºï¼è¯¥åºåè®¸å¨çäº§ç¯å¢ä¸­è·å¾æä½³æ§è½
21-Jun-2021 16:26:46.408 信息 [main] org.apache.coyote.AbstractProtocol.init åå§ååè®®å¤çå¨ ["http-nio-8080"]
21-Jun-2021 16:26:46.636 信息 [main] org.apache.tomcat.util.net.NioSelectorPool.getSharedSelector Using a shared selector for servlet write/read
21-Jun-2021 16:26:46.651 信息 [main] org.apache.catalina.startup.Catalina.load Initialization processed in 718 ms
21-Jun-2021 16:26:46.692 信息 [main] org.apache.catalina.core.StandardService.startInternal æ­£å¨å¯å¨æå¡[Catalina]
21-Jun-2021 16:26:46.692 信息 [main] org.apache.catalina.core.StandardEngine.startInternal æ­£å¨å¯å¨ Servlet å¼æï¼[Apache Tomcat/@VERSION@]
21-Jun-2021 16:26:46.704 信息 [localhost-startStop-1] org.apache.catalina.startup.HostConfig.deployDirectory æweb åºç¨ç¨åºé¨ç½²å°ç®å½ [D:\tomcat8\catalina-home\webapps\docs]
21-Jun-2021 16:26:47.114 信息 [localhost-startStop-1] org.apache.jasper.servlet.TldScanner.scanJars è³å°æä¸ä¸ªJARè¢«æ«æç¨äºTLDä½å°æªåå«TLDã ä¸ºæ­¤è®°å½å¨å¯ç¨è°è¯æ¥å¿è®°å½ï¼ä»¥è·åå·²æ«æä½æªå¨å¶ä¸­æ¾å°TLDçå®æ´JARåè¡¨ã å¨æ«ææé´è·³è¿ä¸éè¦çJARå¯ä»¥ç¼©ç­å¯å¨æ¶é´åJSPç¼è¯æ¶é´ã
21-Jun-2021 16:26:47.138 信息 [localhost-startStop-1] org.apache.catalina.startup.HostConfig.deployDirectory Webåºç¨ç¨åºç®å½[D:\tomcat8\catalina-home\webapps\docs]çé¨ç½²å·²å¨[432]æ¯«ç§åå®æ
21-Jun-2021 16:26:47.139 信息 [localhost-startStop-1] org.apache.catalina.startup.HostConfig.deployDirectory æweb åºç¨ç¨åºé¨ç½²å°ç®å½ [D:\tomcat8\catalina-home\webapps\examples]
21-Jun-2021 16:26:47.388 信息 [localhost-startStop-1] org.apache.jasper.servlet.TldScanner.scanJars è³å°æä¸ä¸ªJARè¢«æ«æç¨äºTLDä½å°æªåå«TLDã ä¸ºæ­¤è®°å½å¨å¯ç¨è°è¯æ¥å¿è®°å½ï¼ä»¥è·åå·²æ«æä½æªå¨å¶ä¸­æ¾å°TLDçå®æ´JARåè¡¨ã å¨æ«ææé´è·³è¿ä¸éè¦çJARå¯ä»¥ç¼©ç­å¯å¨æ¶é´åJSPç¼è¯æ¶é´ã
21-Jun-2021 16:26:47.404 严重 [localhost-startStop-1] org.apache.catalina.core.StandardContext.startInternal ä¸ä¸ªæå¤ä¸ªlistenerså¯å¨å¤±è´¥ï¼æ´å¤è¯¦ç»ä¿¡æ¯æ¥çå¯¹åºçå®¹å¨æ¥å¿æä»¶
21-Jun-2021 16:26:47.404 严重 [localhost-startStop-1] org.apache.catalina.core.StandardContext.startInternal ç±äºä¹åçéè¯¯ï¼Context[/examples]å¯å¨å¤±è´¥
21-Jun-2021 16:26:47.414 信息 [localhost-startStop-1] org.apache.catalina.startup.HostConfig.deployDirectory Webåºç¨ç¨åºç®å½[D:\tomcat8\catalina-home\webapps\examples]çé¨ç½²å·²å¨[274]æ¯«ç§åå®æ
21-Jun-2021 16:26:47.414 信息 [localhost-startStop-1] org.apache.catalina.startup.HostConfig.deployDirectory æweb åºç¨ç¨åºé¨ç½²å°ç®å½ [D:\tomcat8\catalina-home\webapps\host-manager]
21-Jun-2021 16:26:47.515 信息 [localhost-startStop-1] org.apache.jasper.servlet.TldScanner.scanJars è³å°æä¸ä¸ªJARè¢«æ«æç¨äºTLDä½å°æªåå«TLDã ä¸ºæ­¤è®°å½å¨å¯ç¨è°è¯æ¥å¿è®°å½ï¼ä»¥è·åå·²æ«æä½æªå¨å¶ä¸­æ¾å°TLDçå®æ´JARåè¡¨ã å¨æ«ææé´è·³è¿ä¸éè¦çJARå¯ä»¥ç¼©ç­å¯å¨æ¶é´åJSPç¼è¯æ¶é´ã
21-Jun-2021 16:26:47.521 信息 [localhost-startStop-1] org.apache.catalina.startup.HostConfig.deployDirectory Webåºç¨ç¨åºç®å½[D:\tomcat8\catalina-home\webapps\host-manager]çé¨ç½²å·²å¨[107]æ¯«ç§åå®æ
21-Jun-2021 16:26:47.521 信息 [localhost-startStop-1] org.apache.catalina.startup.HostConfig.deployDirectory æweb åºç¨ç¨åºé¨ç½²å°ç®å½ [D:\tomcat8\catalina-home\webapps\manager]
21-Jun-2021 16:26:47.588 信息 [localhost-startStop-1] org.apache.jasper.servlet.TldScanner.scanJars è³å°æä¸ä¸ªJARè¢«æ«æç¨äºTLDä½å°æªåå«TLDã ä¸ºæ­¤è®°å½å¨å¯ç¨è°è¯æ¥å¿è®°å½ï¼ä»¥è·åå·²æ«æä½æªå¨å¶ä¸­æ¾å°TLDçå®æ´JARåè¡¨ã å¨æ«ææé´è·³è¿ä¸éè¦çJARå¯ä»¥ç¼©ç­å¯å¨æ¶é´åJSPç¼è¯æ¶é´ã
21-Jun-2021 16:26:47.591 信息 [localhost-startStop-1] org.apache.catalina.startup.HostConfig.deployDirectory Webåºç¨ç¨åºç®å½[D:\tomcat8\catalina-home\webapps\manager]çé¨ç½²å·²å¨[70]æ¯«ç§åå®æ
21-Jun-2021 16:26:47.591 信息 [localhost-startStop-1] org.apache.catalina.startup.HostConfig.deployDirectory æweb åºç¨ç¨åºé¨ç½²å°ç®å½ [D:\tomcat8\catalina-home\webapps\ROOT]
21-Jun-2021 16:26:47.672 信息 [localhost-startStop-1] org.apache.jasper.servlet.TldScanner.scanJars è³å°æä¸ä¸ªJARè¢«æ«æç¨äºTLDä½å°æªåå«TLDã ä¸ºæ­¤è®°å½å¨å¯ç¨è°è¯æ¥å¿è®°å½ï¼ä»¥è·åå·²æ«æä½æªå¨å¶ä¸­æ¾å°TLDçå®æ´JARåè¡¨ã å¨æ«ææé´è·³è¿ä¸éè¦çJARå¯ä»¥ç¼©ç­å¯å¨æ¶é´åJSPç¼è¯æ¶é´ã
21-Jun-2021 16:26:47.674 信息 [localhost-startStop-1] org.apache.catalina.startup.HostConfig.deployDirectory Webåºç¨ç¨åºç®å½[D:\tomcat8\catalina-home\webapps\ROOT]çé¨ç½²å·²å¨[83]æ¯«ç§åå®æ
21-Jun-2021 16:26:47.676 信息 [main] org.apache.coyote.AbstractProtocol.start å¼å§åè®®å¤çå¥æ["http-nio-8080"]
21-Jun-2021 16:26:47.685 信息 [main] org.apache.catalina.startup.Catalina.start Server startup in 1033 ms
21-Jun-2021 16:44:03.304 信息 [main] org.apache.catalina.startup.VersionLoggerListener.log Server.æå¡å¨çæ¬: Apache Tomcat/@VERSION@
21-Jun-2021 16:44:03.307 信息 [main] org.apache.catalina.startup.VersionLoggerListener.log æå¡å¨æå»º:        @VERSION_BUILT@
21-Jun-2021 16:44:03.307 信息 [main] org.apache.catalina.startup.VersionLoggerListener.log æå¡å¨çæ¬å·:      @VERSION_NUMBER@
21-Jun-2021 16:44:03.307 信息 [main] org.apache.catalina.startup.VersionLoggerListener.log æä½ç³»ç»åç§°:      Windows 10
21-Jun-2021 16:44:03.307 信息 [main] org.apache.catalina.startup.VersionLoggerListener.log OS.çæ¬:           10.0
21-Jun-2021 16:44:03.307 信息 [main] org.apache.catalina.startup.VersionLoggerListener.log æ¶æ:              amd64
21-Jun-2021 16:44:03.307 信息 [main] org.apache.catalina.startup.VersionLoggerListener.log Java ç¯å¢åé:     J:\jdk8_181\jre
21-Jun-2021 16:44:03.307 信息 [main] org.apache.catalina.startup.VersionLoggerListener.log Javaèææºçæ¬:    1.8.0_181-b13
21-Jun-2021 16:44:03.307 信息 [main] org.apache.catalina.startup.VersionLoggerListener.log JVM.ä¾åºå:        Oracle Corporation
21-Jun-2021 16:44:03.307 信息 [main] org.apache.catalina.startup.VersionLoggerListener.log CATALINA_BASE:     D:\tomcat8\catalina-home
21-Jun-2021 16:44:03.308 信息 [main] org.apache.catalina.startup.VersionLoggerListener.log CATALINA_HOME:     D:\tomcat8\catalina-home
21-Jun-2021 16:44:03.308 信息 [main] org.apache.catalina.startup.VersionLoggerListener.log å½ä»¤è¡åæ°ï¼       -Dcatalina.home=catalina-home
21-Jun-2021 16:44:03.308 信息 [main] org.apache.catalina.startup.VersionLoggerListener.log å½ä»¤è¡åæ°ï¼       -Dcatalina.base=catalina-home
21-Jun-2021 16:44:03.308 信息 [main] org.apache.catalina.startup.VersionLoggerListener.log å½ä»¤è¡åæ°ï¼       -Djava.endorsed.dirs=catalina-home/endorsed
21-Jun-2021 16:44:03.308 信息 [main] org.apache.catalina.startup.VersionLoggerListener.log å½ä»¤è¡åæ°ï¼       -Djava.io.tmpdir=catalina-home/temp
21-Jun-2021 16:44:03.308 信息 [main] org.apache.catalina.startup.VersionLoggerListener.log å½ä»¤è¡åæ°ï¼       -Djava.util.logging.manager=org.apache.juli.ClassLoaderLogManager
21-Jun-2021 16:44:03.308 信息 [main] org.apache.catalina.startup.VersionLoggerListener.log å½ä»¤è¡åæ°ï¼       -Djava.util.logging.config.file=catalina-home/conf/logging.properties
21-Jun-2021 16:44:03.308 信息 [main] org.apache.catalina.startup.VersionLoggerListener.log å½ä»¤è¡åæ°ï¼       -javaagent:J:\IntelliJ IDEA 2019.2.4\lib\idea_rt.jar=1573:J:\IntelliJ IDEA 2019.2.4\bin
21-Jun-2021 16:44:03.308 信息 [main] org.apache.catalina.startup.VersionLoggerListener.log å½ä»¤è¡åæ°ï¼       -Dfile.encoding=UTF-8
21-Jun-2021 16:44:03.308 信息 [main] org.apache.catalina.core.AprLifecycleListener.lifecycleEvent å¨java.library.path:[J:\jdk8_181\bin;C:\WINDOWS\Sun\Java\bin;C:\WINDOWS\system32;C:\WINDOWS;C:\Program Files (x86)\Common Files\Oracle\Java\javapath;C:\WINDOWS\system32;C:\WINDOWS;C:\WINDOWS\System32\Wbem;C:\WINDOWS\System32\WindowsPowerShell\v1.0\;C:\WINDOWS\System32\OpenSSH\;J:\Git\cmd;J:\svn\bin;C:\Program Files\yunhsmsdk\lib64;J:\jdk8_181\bin;J:\erlang23.1\erl-23.1\bin;J:\php-7.3.11-nts-Win32-VC15-x64;J:\arcanist\Arcanist\arcanist\bin;J:\apache-jmeter-5.3\apache-jmeter-5.3\bin;J:\apache-maven-3.5.0\apache-maven-3.5.0\bin;J:\mysql-5.7.30-winx64\mysql-5.7.30-winx64\bin;C:\Program Files\Microsoft VS Code\bin;J:\mingw64\bin;D:\bin;J:\apache-ant-1.10.10-bin\apache-ant-1.10.10\bin;C:\Users\admin\AppData\Local\Programs\Python\Python37-32\Scripts\;C:\Users\admin\AppData\Local\Programs\Python\Python37-32\;C:\Program Files (x86)\yunhsmsdk\lib;C:\Program Files (x86)\Common Files\Oracle\Java\javapath;C:\WINDOWS\system32;C:\WINDOWS;C:\WINDOWS\System32\Wbem;C:\WINDOWS\System32\WindowsPowerShell\v1.0\;C:\WINDOWS\System32\OpenSSH\;J:\Git\cmd;J:\svn\bin;C:\Users\admin\AppData\Local\Microsoft\WindowsApps;J:\bandzip\;J:\IntelliJ IDEA 2019.2.4\bin;%USERPROFILE%\AppData\Local\Microsoft\WindowsApps;;.]ä¸æ¾ä¸å°åºäºAPRçApache Tomcatæ¬æºåºï¼è¯¥åºåè®¸å¨çäº§ç¯å¢ä¸­è·å¾æä½³æ§è½
21-Jun-2021 16:44:03.416 信息 [main] org.apache.coyote.AbstractProtocol.init åå§ååè®®å¤çå¨ ["http-nio-8080"]
21-Jun-2021 16:44:03.634 信息 [main] org.apache.tomcat.util.net.NioSelectorPool.getSharedSelector Using a shared selector for servlet write/read
21-Jun-2021 16:44:03.645 信息 [main] org.apache.catalina.startup.Catalina.load Initialization processed in 690 ms
21-Jun-2021 16:44:03.668 信息 [main] org.apache.catalina.core.StandardService.startInternal æ­£å¨å¯å¨æå¡[Catalina]
21-Jun-2021 16:44:03.668 信息 [main] org.apache.catalina.core.StandardEngine.startInternal æ­£å¨å¯å¨ Servlet å¼æï¼[Apache Tomcat/@VERSION@]
21-Jun-2021 16:44:03.675 信息 [localhost-startStop-1] org.apache.catalina.startup.HostConfig.deployDirectory æweb åºç¨ç¨åºé¨ç½²å°ç®å½ [D:\tomcat8\catalina-home\webapps\docs]
21-Jun-2021 16:44:03.984 信息 [localhost-startStop-1] org.apache.jasper.servlet.TldScanner.scanJars 至少有一个JAR被扫描用于TLD但尚未包含TLD。 为此记录器启用调试日志记录，以获取已扫描但未在其中找到TLD的完整JAR列表。 在扫描期间跳过不需要的JAR可以缩短启动时间和JSP编译时间。
21-Jun-2021 16:44:04.005 信息 [localhost-startStop-1] org.apache.catalina.startup.HostConfig.deployDirectory Webåºç¨ç¨åºç®å½[D:\tomcat8\catalina-home\webapps\docs]çé¨ç½²å·²å¨[328]æ¯«ç§åå®æ
21-Jun-2021 16:44:04.005 信息 [localhost-startStop-1] org.apache.catalina.startup.HostConfig.deployDirectory æweb åºç¨ç¨åºé¨ç½²å°ç®å½ [D:\tomcat8\catalina-home\webapps\examples]
21-Jun-2021 16:44:04.162 信息 [localhost-startStop-1] org.apache.jasper.servlet.TldScanner.scanJars 至少有一个JAR被扫描用于TLD但尚未包含TLD。 为此记录器启用调试日志记录，以获取已扫描但未在其中找到TLD的完整JAR列表。 在扫描期间跳过不需要的JAR可以缩短启动时间和JSP编译时间。
21-Jun-2021 16:44:04.172 严重 [localhost-startStop-1] org.apache.catalina.core.StandardContext.startInternal ä¸ä¸ªæå¤ä¸ªlistenerså¯å¨å¤±è´¥ï¼æ´å¤è¯¦ç»ä¿¡æ¯æ¥çå¯¹åºçå®¹å¨æ¥å¿æä»¶
21-Jun-2021 16:44:04.172 严重 [localhost-startStop-1] org.apache.catalina.core.StandardContext.startInternal ç±äºä¹åçéè¯¯ï¼Context[/examples]å¯å¨å¤±è´¥
21-Jun-2021 16:44:04.177 信息 [localhost-startStop-1] org.apache.catalina.startup.HostConfig.deployDirectory Webåºç¨ç¨åºç®å½[D:\tomcat8\catalina-home\webapps\examples]çé¨ç½²å·²å¨[172]æ¯«ç§åå®æ
21-Jun-2021 16:44:04.177 信息 [localhost-startStop-1] org.apache.catalina.startup.HostConfig.deployDirectory æweb åºç¨ç¨åºé¨ç½²å°ç®å½ [D:\tomcat8\catalina-home\webapps\host-manager]
21-Jun-2021 16:44:04.252 信息 [localhost-startStop-1] org.apache.jasper.servlet.TldScanner.scanJars 至少有一个JAR被扫描用于TLD但尚未包含TLD。 为此记录器启用调试日志记录，以获取已扫描但未在其中找到TLD的完整JAR列表。 在扫描期间跳过不需要的JAR可以缩短启动时间和JSP编译时间。
21-Jun-2021 16:44:04.260 信息 [localhost-startStop-1] org.apache.catalina.startup.HostConfig.deployDirectory Webåºç¨ç¨åºç®å½[D:\tomcat8\catalina-home\webapps\host-manager]çé¨ç½²å·²å¨[83]æ¯«ç§åå®æ
21-Jun-2021 16:44:04.260 信息 [localhost-startStop-1] org.apache.catalina.startup.HostConfig.deployDirectory æweb åºç¨ç¨åºé¨ç½²å°ç®å½ [D:\tomcat8\catalina-home\webapps\manager]
21-Jun-2021 16:44:04.344 信息 [localhost-startStop-1] org.apache.jasper.servlet.TldScanner.scanJars 至少有一个JAR被扫描用于TLD但尚未包含TLD。 为此记录器启用调试日志记录，以获取已扫描但未在其中找到TLD的完整JAR列表。 在扫描期间跳过不需要的JAR可以缩短启动时间和JSP编译时间。
21-Jun-2021 16:44:04.346 信息 [localhost-startStop-1] org.apache.catalina.startup.HostConfig.deployDirectory Webåºç¨ç¨åºç®å½[D:\tomcat8\catalina-home\webapps\manager]çé¨ç½²å·²å¨[86]æ¯«ç§åå®æ
21-Jun-2021 16:44:04.346 信息 [localhost-startStop-1] org.apache.catalina.startup.HostConfig.deployDirectory æweb åºç¨ç¨åºé¨ç½²å°ç®å½ [D:\tomcat8\catalina-home\webapps\ROOT]
21-Jun-2021 16:44:04.419 信息 [localhost-startStop-1] org.apache.jasper.servlet.TldScanner.scanJars 至少有一个JAR被扫描用于TLD但尚未包含TLD。 为此记录器启用调试日志记录，以获取已扫描但未在其中找到TLD的完整JAR列表。 在扫描期间跳过不需要的JAR可以缩短启动时间和JSP编译时间。
21-Jun-2021 16:44:04.421 信息 [localhost-startStop-1] org.apache.catalina.startup.HostConfig.deployDirectory Webåºç¨ç¨åºç®å½[D:\tomcat8\catalina-home\webapps\ROOT]çé¨ç½²å·²å¨[75]æ¯«ç§åå®æ
21-Jun-2021 16:44:04.422 信息 [main] org.apache.coyote.AbstractProtocol.start å¼å§åè®®å¤çå¥æ["http-nio-8080"]
21-Jun-2021 16:44:04.434 信息 [main] org.apache.catalina.startup.Catalina.start Server startup in 788 ms
21-Jun-2021 16:44:39.716 信息 [main] org.apache.catalina.startup.VersionLoggerListener.log Server.æå¡å¨çæ¬: Apache Tomcat/@VERSION@
21-Jun-2021 16:44:39.719 信息 [main] org.apache.catalina.startup.VersionLoggerListener.log æå¡å¨æå»º:        @VERSION_BUILT@
21-Jun-2021 16:44:39.719 信息 [main] org.apache.catalina.startup.VersionLoggerListener.log æå¡å¨çæ¬å·:      @VERSION_NUMBER@
21-Jun-2021 16:44:39.719 信息 [main] org.apache.catalina.startup.VersionLoggerListener.log æä½ç³»ç»åç§°:      Windows 10
21-Jun-2021 16:44:39.719 信息 [main] org.apache.catalina.startup.VersionLoggerListener.log OS.çæ¬:           10.0
21-Jun-2021 16:44:39.720 信息 [main] org.apache.catalina.startup.VersionLoggerListener.log æ¶æ:              amd64
21-Jun-2021 16:44:39.720 信息 [main] org.apache.catalina.startup.VersionLoggerListener.log Java ç¯å¢åé:     J:\jdk8_181\jre
21-Jun-2021 16:44:39.720 信息 [main] org.apache.catalina.startup.VersionLoggerListener.log Javaèææºçæ¬:    1.8.0_181-b13
21-Jun-2021 16:44:39.720 信息 [main] org.apache.catalina.startup.VersionLoggerListener.log JVM.ä¾åºå:        Oracle Corporation
21-Jun-2021 16:44:39.720 信息 [main] org.apache.catalina.startup.VersionLoggerListener.log CATALINA_BASE:     D:\tomcat8\catalina-home
21-Jun-2021 16:44:39.720 信息 [main] org.apache.catalina.startup.VersionLoggerListener.log CATALINA_HOME:     D:\tomcat8\catalina-home
21-Jun-2021 16:44:39.720 信息 [main] org.apache.catalina.startup.VersionLoggerListener.log å½ä»¤è¡åæ°ï¼       -Dcatalina.home=catalina-home
21-Jun-2021 16:44:39.721 信息 [main] org.apache.catalina.startup.VersionLoggerListener.log å½ä»¤è¡åæ°ï¼       -Dcatalina.base=catalina-home
21-Jun-2021 16:44:39.721 信息 [main] org.apache.catalina.startup.VersionLoggerListener.log å½ä»¤è¡åæ°ï¼       -Djava.endorsed.dirs=catalina-home/endorsed
21-Jun-2021 16:44:39.721 信息 [main] org.apache.catalina.startup.VersionLoggerListener.log å½ä»¤è¡åæ°ï¼       -Djava.io.tmpdir=catalina-home/temp
21-Jun-2021 16:44:39.721 信息 [main] org.apache.catalina.startup.VersionLoggerListener.log å½ä»¤è¡åæ°ï¼       -Djava.util.logging.manager=org.apache.juli.ClassLoaderLogManager
21-Jun-2021 16:44:39.721 信息 [main] org.apache.catalina.startup.VersionLoggerListener.log å½ä»¤è¡åæ°ï¼       -Djava.util.logging.config.file=catalina-home/conf/logging.properties
21-Jun-2021 16:44:39.721 信息 [main] org.apache.catalina.startup.VersionLoggerListener.log å½ä»¤è¡åæ°ï¼       -javaagent:J:\IntelliJ IDEA 2019.2.4\lib\idea_rt.jar=1600:J:\IntelliJ IDEA 2019.2.4\bin
21-Jun-2021 16:44:39.721 信息 [main] org.apache.catalina.startup.VersionLoggerListener.log å½ä»¤è¡åæ°ï¼       -Dfile.encoding=UTF-8
21-Jun-2021 16:44:39.721 信息 [main] org.apache.catalina.core.AprLifecycleListener.lifecycleEvent å¨java.library.path:[J:\jdk8_181\bin;C:\WINDOWS\Sun\Java\bin;C:\WINDOWS\system32;C:\WINDOWS;C:\Program Files (x86)\Common Files\Oracle\Java\javapath;C:\WINDOWS\system32;C:\WINDOWS;C:\WINDOWS\System32\Wbem;C:\WINDOWS\System32\WindowsPowerShell\v1.0\;C:\WINDOWS\System32\OpenSSH\;J:\Git\cmd;J:\svn\bin;C:\Program Files\yunhsmsdk\lib64;J:\jdk8_181\bin;J:\erlang23.1\erl-23.1\bin;J:\php-7.3.11-nts-Win32-VC15-x64;J:\arcanist\Arcanist\arcanist\bin;J:\apache-jmeter-5.3\apache-jmeter-5.3\bin;J:\apache-maven-3.5.0\apache-maven-3.5.0\bin;J:\mysql-5.7.30-winx64\mysql-5.7.30-winx64\bin;C:\Program Files\Microsoft VS Code\bin;J:\mingw64\bin;D:\bin;J:\apache-ant-1.10.10-bin\apache-ant-1.10.10\bin;C:\Users\admin\AppData\Local\Programs\Python\Python37-32\Scripts\;C:\Users\admin\AppData\Local\Programs\Python\Python37-32\;C:\Program Files (x86)\yunhsmsdk\lib;C:\Program Files (x86)\Common Files\Oracle\Java\javapath;C:\WINDOWS\system32;C:\WINDOWS;C:\WINDOWS\System32\Wbem;C:\WINDOWS\System32\WindowsPowerShell\v1.0\;C:\WINDOWS\System32\OpenSSH\;J:\Git\cmd;J:\svn\bin;C:\Users\admin\AppData\Local\Microsoft\WindowsApps;J:\bandzip\;J:\IntelliJ IDEA 2019.2.4\bin;%USERPROFILE%\AppData\Local\Microsoft\WindowsApps;;.]ä¸æ¾ä¸å°åºäºAPRçApache Tomcatæ¬æºåºï¼è¯¥åºåè®¸å¨çäº§ç¯å¢ä¸­è·å¾æä½³æ§è½
21-Jun-2021 16:44:39.813 信息 [main] org.apache.coyote.AbstractProtocol.init åå§ååè®®å¤çå¨ ["http-nio-8080"]
21-Jun-2021 16:44:40.023 信息 [main] org.apache.tomcat.util.net.NioSelectorPool.getSharedSelector Using a shared selector for servlet write/read
21-Jun-2021 16:44:40.035 信息 [main] org.apache.catalina.startup.Catalina.load Initialization processed in 697 ms
21-Jun-2021 16:44:40.060 信息 [main] org.apache.catalina.core.StandardService.startInternal æ­£å¨å¯å¨æå¡[Catalina]
21-Jun-2021 16:44:40.060 信息 [main] org.apache.catalina.core.StandardEngine.startInternal æ­£å¨å¯å¨ Servlet å¼æï¼[Apache Tomcat/@VERSION@]
21-Jun-2021 16:44:40.069 信息 [localhost-startStop-1] org.apache.catalina.startup.HostConfig.deployDirectory æweb åºç¨ç¨åºé¨ç½²å°ç®å½ [D:\tomcat8\catalina-home\webapps\docs]
21-Jun-2021 16:44:40.356 信息 [localhost-startStop-1] org.apache.jasper.servlet.TldScanner.scanJars è³å°æä¸ä¸ªJARè¢«æ«æç¨äºTLDä½å°æªåå«TLDã ä¸ºæ­¤è®°å½å¨å¯ç¨è°è¯æ¥å¿è®°å½ï¼ä»¥è·åå·²æ«æä½æªå¨å¶ä¸­æ¾å°TLDçå®æ´JARåè¡¨ã å¨æ«ææé´è·³è¿ä¸éè¦çJARå¯ä»¥ç¼©ç­å¯å¨æ¶é´åJSPç¼è¯æ¶é´ã
21-Jun-2021 16:44:40.382 信息 [localhost-startStop-1] org.apache.catalina.startup.HostConfig.deployDirectory Webåºç¨ç¨åºç®å½[D:\tomcat8\catalina-home\webapps\docs]çé¨ç½²å·²å¨[311]æ¯«ç§åå®æ
21-Jun-2021 16:44:40.383 信息 [localhost-startStop-1] org.apache.catalina.startup.HostConfig.deployDirectory æweb åºç¨ç¨åºé¨ç½²å°ç®å½ [D:\tomcat8\catalina-home\webapps\examples]
21-Jun-2021 16:44:40.540 信息 [localhost-startStop-1] org.apache.jasper.servlet.TldScanner.scanJars è³å°æä¸ä¸ªJARè¢«æ«æç¨äºTLDä½å°æªåå«TLDã ä¸ºæ­¤è®°å½å¨å¯ç¨è°è¯æ¥å¿è®°å½ï¼ä»¥è·åå·²æ«æä½æªå¨å¶ä¸­æ¾å°TLDçå®æ´JARåè¡¨ã å¨æ«ææé´è·³è¿ä¸éè¦çJARå¯ä»¥ç¼©ç­å¯å¨æ¶é´åJSPç¼è¯æ¶é´ã
21-Jun-2021 16:44:40.551 严重 [localhost-startStop-1] org.apache.catalina.core.StandardContext.startInternal ä¸ä¸ªæå¤ä¸ªlistenerså¯å¨å¤±è´¥ï¼æ´å¤è¯¦ç»ä¿¡æ¯æ¥çå¯¹åºçå®¹å¨æ¥å¿æä»¶
21-Jun-2021 16:44:40.551 严重 [localhost-startStop-1] org.apache.catalina.core.StandardContext.startInternal ç±äºä¹åçéè¯¯ï¼Context[/examples]å¯å¨å¤±è´¥
21-Jun-2021 16:44:40.556 信息 [localhost-startStop-1] org.apache.catalina.startup.HostConfig.deployDirectory Webåºç¨ç¨åºç®å½[D:\tomcat8\catalina-home\webapps\examples]çé¨ç½²å·²å¨[174]æ¯«ç§åå®æ
21-Jun-2021 16:44:40.556 信息 [localhost-startStop-1] org.apache.catalina.startup.HostConfig.deployDirectory æweb åºç¨ç¨åºé¨ç½²å°ç®å½ [D:\tomcat8\catalina-home\webapps\host-manager]
21-Jun-2021 16:44:40.636 信息 [localhost-startStop-1] org.apache.jasper.servlet.TldScanner.scanJars è³å°æä¸ä¸ªJARè¢«æ«æç¨äºTLDä½å°æªåå«TLDã ä¸ºæ­¤è®°å½å¨å¯ç¨è°è¯æ¥å¿è®°å½ï¼ä»¥è·åå·²æ«æä½æªå¨å¶ä¸­æ¾å°TLDçå®æ´JARåè¡¨ã å¨æ«ææé´è·³è¿ä¸éè¦çJARå¯ä»¥ç¼©ç­å¯å¨æ¶é´åJSPç¼è¯æ¶é´ã
21-Jun-2021 16:44:40.644 信息 [localhost-startStop-1] org.apache.catalina.startup.HostConfig.deployDirectory Webåºç¨ç¨åºç®å½[D:\tomcat8\catalina-home\webapps\host-manager]çé¨ç½²å·²å¨[88]æ¯«ç§åå®æ
21-Jun-2021 16:44:40.645 信息 [localhost-startStop-1] org.apache.catalina.startup.HostConfig.deployDirectory æweb åºç¨ç¨åºé¨ç½²å°ç®å½ [D:\tomcat8\catalina-home\webapps\manager]
21-Jun-2021 16:44:40.727 信息 [localhost-startStop-1] org.apache.jasper.servlet.TldScanner.scanJars è³å°æä¸ä¸ªJARè¢«æ«æç¨äºTLDä½å°æªåå«TLDã ä¸ºæ­¤è®°å½å¨å¯ç¨è°è¯æ¥å¿è®°å½ï¼ä»¥è·åå·²æ«æä½æªå¨å¶ä¸­æ¾å°TLDçå®æ´JARåè¡¨ã å¨æ«ææé´è·³è¿ä¸éè¦çJARå¯ä»¥ç¼©ç­å¯å¨æ¶é´åJSPç¼è¯æ¶é´ã
21-Jun-2021 16:44:40.729 信息 [localhost-startStop-1] org.apache.catalina.startup.HostConfig.deployDirectory Webåºç¨ç¨åºç®å½[D:\tomcat8\catalina-home\webapps\manager]çé¨ç½²å·²å¨[84]æ¯«ç§åå®æ
21-Jun-2021 16:44:40.729 信息 [localhost-startStop-1] org.apache.catalina.startup.HostConfig.deployDirectory æweb åºç¨ç¨åºé¨ç½²å°ç®å½ [D:\tomcat8\catalina-home\webapps\ROOT]
21-Jun-2021 16:44:40.806 信息 [localhost-startStop-1] org.apache.jasper.servlet.TldScanner.scanJars è³å°æä¸ä¸ªJARè¢«æ«æç¨äºTLDä½å°æªåå«TLDã ä¸ºæ­¤è®°å½å¨å¯ç¨è°è¯æ¥å¿è®°å½ï¼ä»¥è·åå·²æ«æä½æªå¨å¶ä¸­æ¾å°TLDçå®æ´JARåè¡¨ã å¨æ«ææé´è·³è¿ä¸éè¦çJARå¯ä»¥ç¼©ç­å¯å¨æ¶é´åJSPç¼è¯æ¶é´ã
21-Jun-2021 16:44:40.808 信息 [localhost-startStop-1] org.apache.catalina.startup.HostConfig.deployDirectory Webåºç¨ç¨åºç®å½[D:\tomcat8\catalina-home\webapps\ROOT]çé¨ç½²å·²å¨[79]æ¯«ç§åå®æ
21-Jun-2021 16:44:40.810 信息 [main] org.apache.coyote.AbstractProtocol.start å¼å§åè®®å¤çå¥æ["http-nio-8080"]
21-Jun-2021 16:44:40.819 信息 [main] org.apache.catalina.startup.Catalina.start Server startup in 782 ms
21-Jun-2021 16:45:12.080 信息 [main] org.apache.catalina.startup.VersionLoggerListener.log Server.æå¡å¨çæ¬: Apache Tomcat/@VERSION@
21-Jun-2021 16:45:12.084 信息 [main] org.apache.catalina.startup.VersionLoggerListener.log æå¡å¨æå»º:        @VERSION_BUILT@
21-Jun-2021 16:45:12.084 信息 [main] org.apache.catalina.startup.VersionLoggerListener.log æå¡å¨çæ¬å·:      @VERSION_NUMBER@
21-Jun-2021 16:45:12.084 信息 [main] org.apache.catalina.startup.VersionLoggerListener.log æä½ç³»ç»åç§°:      Windows 10
21-Jun-2021 16:45:12.084 信息 [main] org.apache.catalina.startup.VersionLoggerListener.log OS.çæ¬:           10.0
21-Jun-2021 16:45:12.084 信息 [main] org.apache.catalina.startup.VersionLoggerListener.log æ¶æ:              amd64
21-Jun-2021 16:45:12.084 信息 [main] org.apache.catalina.startup.VersionLoggerListener.log Java ç¯å¢åé:     J:\jdk8_181\jre
21-Jun-2021 16:45:12.084 信息 [main] org.apache.catalina.startup.VersionLoggerListener.log Javaèææºçæ¬:    1.8.0_181-b13
21-Jun-2021 16:45:12.084 信息 [main] org.apache.catalina.startup.VersionLoggerListener.log JVM.ä¾åºå:        Oracle Corporation
21-Jun-2021 16:45:12.084 信息 [main] org.apache.catalina.startup.VersionLoggerListener.log CATALINA_BASE:     D:\tomcat8\catalina-home
21-Jun-2021 16:45:12.085 信息 [main] org.apache.catalina.startup.VersionLoggerListener.log CATALINA_HOME:     D:\tomcat8\catalina-home
21-Jun-2021 16:45:12.085 信息 [main] org.apache.catalina.startup.VersionLoggerListener.log å½ä»¤è¡åæ°ï¼       -Dcatalina.home=catalina-home
21-Jun-2021 16:45:12.085 信息 [main] org.apache.catalina.startup.VersionLoggerListener.log å½ä»¤è¡åæ°ï¼       -Dcatalina.base=catalina-home
21-Jun-2021 16:45:12.085 信息 [main] org.apache.catalina.startup.VersionLoggerListener.log å½ä»¤è¡åæ°ï¼       -Djava.endorsed.dirs=catalina-home/endorsed
21-Jun-2021 16:45:12.085 信息 [main] org.apache.catalina.startup.VersionLoggerListener.log å½ä»¤è¡åæ°ï¼       -Djava.io.tmpdir=catalina-home/temp
21-Jun-2021 16:45:12.085 信息 [main] org.apache.catalina.startup.VersionLoggerListener.log å½ä»¤è¡åæ°ï¼       -Djava.util.logging.manager=org.apache.juli.ClassLoaderLogManager
21-Jun-2021 16:45:12.085 信息 [main] org.apache.catalina.startup.VersionLoggerListener.log å½ä»¤è¡åæ°ï¼       -Djava.util.logging.config.file=catalina-home/conf/logging.properties
21-Jun-2021 16:45:12.085 信息 [main] org.apache.catalina.startup.VersionLoggerListener.log å½ä»¤è¡åæ°ï¼       -Dfile.encoding=utf-8
21-Jun-2021 16:45:12.086 信息 [main] org.apache.catalina.startup.VersionLoggerListener.log å½ä»¤è¡åæ°ï¼       -javaagent:J:\IntelliJ IDEA 2019.2.4\lib\idea_rt.jar=1624:J:\IntelliJ IDEA 2019.2.4\bin
21-Jun-2021 16:45:12.086 信息 [main] org.apache.catalina.core.AprLifecycleListener.lifecycleEvent å¨java.library.path:[J:\jdk8_181\bin;C:\WINDOWS\Sun\Java\bin;C:\WINDOWS\system32;C:\WINDOWS;C:\Program Files (x86)\Common Files\Oracle\Java\javapath;C:\WINDOWS\system32;C:\WINDOWS;C:\WINDOWS\System32\Wbem;C:\WINDOWS\System32\WindowsPowerShell\v1.0\;C:\WINDOWS\System32\OpenSSH\;J:\Git\cmd;J:\svn\bin;C:\Program Files\yunhsmsdk\lib64;J:\jdk8_181\bin;J:\erlang23.1\erl-23.1\bin;J:\php-7.3.11-nts-Win32-VC15-x64;J:\arcanist\Arcanist\arcanist\bin;J:\apache-jmeter-5.3\apache-jmeter-5.3\bin;J:\apache-maven-3.5.0\apache-maven-3.5.0\bin;J:\mysql-5.7.30-winx64\mysql-5.7.30-winx64\bin;C:\Program Files\Microsoft VS Code\bin;J:\mingw64\bin;D:\bin;J:\apache-ant-1.10.10-bin\apache-ant-1.10.10\bin;C:\Users\admin\AppData\Local\Programs\Python\Python37-32\Scripts\;C:\Users\admin\AppData\Local\Programs\Python\Python37-32\;C:\Program Files (x86)\yunhsmsdk\lib;C:\Program Files (x86)\Common Files\Oracle\Java\javapath;C:\WINDOWS\system32;C:\WINDOWS;C:\WINDOWS\System32\Wbem;C:\WINDOWS\System32\WindowsPowerShell\v1.0\;C:\WINDOWS\System32\OpenSSH\;J:\Git\cmd;J:\svn\bin;C:\Users\admin\AppData\Local\Microsoft\WindowsApps;J:\bandzip\;J:\IntelliJ IDEA 2019.2.4\bin;%USERPROFILE%\AppData\Local\Microsoft\WindowsApps;;.]ä¸æ¾ä¸å°åºäºAPRçApache Tomcatæ¬æºåºï¼è¯¥åºåè®¸å¨çäº§ç¯å¢ä¸­è·å¾æä½³æ§è½
21-Jun-2021 16:45:12.185 信息 [main] org.apache.coyote.AbstractProtocol.init åå§ååè®®å¤çå¨ ["http-nio-8080"]
21-Jun-2021 16:45:12.428 信息 [main] org.apache.tomcat.util.net.NioSelectorPool.getSharedSelector Using a shared selector for servlet write/read
21-Jun-2021 16:45:12.440 信息 [main] org.apache.catalina.startup.Catalina.load Initialization processed in 763 ms
21-Jun-2021 16:45:12.469 信息 [main] org.apache.catalina.core.StandardService.startInternal æ­£å¨å¯å¨æå¡[Catalina]
21-Jun-2021 16:45:12.469 信息 [main] org.apache.catalina.core.StandardEngine.startInternal æ­£å¨å¯å¨ Servlet å¼æï¼[Apache Tomcat/@VERSION@]
21-Jun-2021 16:45:12.477 信息 [localhost-startStop-1] org.apache.catalina.startup.HostConfig.deployDirectory æweb åºç¨ç¨åºé¨ç½²å°ç®å½ [D:\tomcat8\catalina-home\webapps\docs]
21-Jun-2021 16:45:12.780 信息 [localhost-startStop-1] org.apache.jasper.servlet.TldScanner.scanJars è³å°æä¸ä¸ªJARè¢«æ«æç¨äºTLDä½å°æªåå«TLDã ä¸ºæ­¤è®°å½å¨å¯ç¨è°è¯æ¥å¿è®°å½ï¼ä»¥è·åå·²æ«æä½æªå¨å¶ä¸­æ¾å°TLDçå®æ´JARåè¡¨ã å¨æ«ææé´è·³è¿ä¸éè¦çJARå¯ä»¥ç¼©ç­å¯å¨æ¶é´åJSPç¼è¯æ¶é´ã
21-Jun-2021 16:45:12.801 信息 [localhost-startStop-1] org.apache.catalina.startup.HostConfig.deployDirectory Webåºç¨ç¨åºç®å½[D:\tomcat8\catalina-home\webapps\docs]çé¨ç½²å·²å¨[322]æ¯«ç§åå®æ
21-Jun-2021 16:45:12.801 信息 [localhost-startStop-1] org.apache.catalina.startup.HostConfig.deployDirectory æweb åºç¨ç¨åºé¨ç½²å°ç®å½ [D:\tomcat8\catalina-home\webapps\examples]
21-Jun-2021 16:45:12.949 信息 [localhost-startStop-1] org.apache.jasper.servlet.TldScanner.scanJars è³å°æä¸ä¸ªJARè¢«æ«æç¨äºTLDä½å°æªåå«TLDã ä¸ºæ­¤è®°å½å¨å¯ç¨è°è¯æ¥å¿è®°å½ï¼ä»¥è·åå·²æ«æä½æªå¨å¶ä¸­æ¾å°TLDçå®æ´JARåè¡¨ã å¨æ«ææé´è·³è¿ä¸éè¦çJARå¯ä»¥ç¼©ç­å¯å¨æ¶é´åJSPç¼è¯æ¶é´ã
21-Jun-2021 16:45:12.960 严重 [localhost-startStop-1] org.apache.catalina.core.StandardContext.startInternal ä¸ä¸ªæå¤ä¸ªlistenerså¯å¨å¤±è´¥ï¼æ´å¤è¯¦ç»ä¿¡æ¯æ¥çå¯¹åºçå®¹å¨æ¥å¿æä»¶
21-Jun-2021 16:45:12.961 严重 [localhost-startStop-1] org.apache.catalina.core.StandardContext.startInternal ç±äºä¹åçéè¯¯ï¼Context[/examples]å¯å¨å¤±è´¥
21-Jun-2021 16:45:12.966 信息 [localhost-startStop-1] org.apache.catalina.startup.HostConfig.deployDirectory Webåºç¨ç¨åºç®å½[D:\tomcat8\catalina-home\webapps\examples]çé¨ç½²å·²å¨[165]æ¯«ç§åå®æ
21-Jun-2021 16:45:12.966 信息 [localhost-startStop-1] org.apache.catalina.startup.HostConfig.deployDirectory æweb åºç¨ç¨åºé¨ç½²å°ç®å½ [D:\tomcat8\catalina-home\webapps\host-manager]
21-Jun-2021 16:45:13.054 信息 [localhost-startStop-1] org.apache.jasper.servlet.TldScanner.scanJars è³å°æä¸ä¸ªJARè¢«æ«æç¨äºTLDä½å°æªåå«TLDã ä¸ºæ­¤è®°å½å¨å¯ç¨è°è¯æ¥å¿è®°å½ï¼ä»¥è·åå·²æ«æä½æªå¨å¶ä¸­æ¾å°TLDçå®æ´JARåè¡¨ã å¨æ«ææé´è·³è¿ä¸éè¦çJARå¯ä»¥ç¼©ç­å¯å¨æ¶é´åJSPç¼è¯æ¶é´ã
21-Jun-2021 16:45:13.065 信息 [localhost-startStop-1] org.apache.catalina.startup.HostConfig.deployDirectory Webåºç¨ç¨åºç®å½[D:\tomcat8\catalina-home\webapps\host-manager]çé¨ç½²å·²å¨[99]æ¯«ç§åå®æ
21-Jun-2021 16:45:13.065 信息 [localhost-startStop-1] org.apache.catalina.startup.HostConfig.deployDirectory æweb åºç¨ç¨åºé¨ç½²å°ç®å½ [D:\tomcat8\catalina-home\webapps\manager]
21-Jun-2021 16:45:13.142 信息 [localhost-startStop-1] org.apache.jasper.servlet.TldScanner.scanJars è³å°æä¸ä¸ªJARè¢«æ«æç¨äºTLDä½å°æªåå«TLDã ä¸ºæ­¤è®°å½å¨å¯ç¨è°è¯æ¥å¿è®°å½ï¼ä»¥è·åå·²æ«æä½æªå¨å¶ä¸­æ¾å°TLDçå®æ´JARåè¡¨ã å¨æ«ææé´è·³è¿ä¸éè¦çJARå¯ä»¥ç¼©ç­å¯å¨æ¶é´åJSPç¼è¯æ¶é´ã
21-Jun-2021 16:45:13.143 信息 [localhost-startStop-1] org.apache.catalina.startup.HostConfig.deployDirectory Webåºç¨ç¨åºç®å½[D:\tomcat8\catalina-home\webapps\manager]çé¨ç½²å·²å¨[78]æ¯«ç§åå®æ
21-Jun-2021 16:45:13.143 信息 [localhost-startStop-1] org.apache.catalina.startup.HostConfig.deployDirectory æweb åºç¨ç¨åºé¨ç½²å°ç®å½ [D:\tomcat8\catalina-home\webapps\ROOT]
21-Jun-2021 16:45:13.219 信息 [localhost-startStop-1] org.apache.jasper.servlet.TldScanner.scanJars è³å°æä¸ä¸ªJARè¢«æ«æç¨äºTLDä½å°æªåå«TLDã ä¸ºæ­¤è®°å½å¨å¯ç¨è°è¯æ¥å¿è®°å½ï¼ä»¥è·åå·²æ«æä½æªå¨å¶ä¸­æ¾å°TLDçå®æ´JARåè¡¨ã å¨æ«ææé´è·³è¿ä¸éè¦çJARå¯ä»¥ç¼©ç­å¯å¨æ¶é´åJSPç¼è¯æ¶é´ã
21-Jun-2021 16:45:13.221 信息 [localhost-startStop-1] org.apache.catalina.startup.HostConfig.deployDirectory Webåºç¨ç¨åºç®å½[D:\tomcat8\catalina-home\webapps\ROOT]çé¨ç½²å·²å¨[78]æ¯«ç§åå®æ
21-Jun-2021 16:45:13.223 信息 [main] org.apache.coyote.AbstractProtocol.start å¼å§åè®®å¤çå¥æ["http-nio-8080"]
21-Jun-2021 16:45:13.234 信息 [main] org.apache.catalina.startup.Catalina.start Server startup in 794 ms
21-Jun-2021 16:47:01.027 信息 [main] org.apache.catalina.startup.VersionLoggerListener.log Server.æå¡å¨çæ¬: Apache Tomcat/@VERSION@
21-Jun-2021 16:47:01.031 信息 [main] org.apache.catalina.startup.VersionLoggerListener.log æå¡å¨æå»º:        @VERSION_BUILT@
21-Jun-2021 16:47:01.031 信息 [main] org.apache.catalina.startup.VersionLoggerListener.log æå¡å¨çæ¬å·:      @VERSION_NUMBER@
21-Jun-2021 16:47:01.031 信息 [main] org.apache.catalina.startup.VersionLoggerListener.log æä½ç³»ç»åç§°:      Windows 10
21-Jun-2021 16:47:01.031 信息 [main] org.apache.catalina.startup.VersionLoggerListener.log OS.çæ¬:           10.0
21-Jun-2021 16:47:01.031 信息 [main] org.apache.catalina.startup.VersionLoggerListener.log æ¶æ:              amd64
21-Jun-2021 16:47:01.032 信息 [main] org.apache.catalina.startup.VersionLoggerListener.log Java ç¯å¢åé:     J:\jdk8_181\jre
21-Jun-2021 16:47:01.032 信息 [main] org.apache.catalina.startup.VersionLoggerListener.log Javaèææºçæ¬:    1.8.0_181-b13
21-Jun-2021 16:47:01.032 信息 [main] org.apache.catalina.startup.VersionLoggerListener.log JVM.ä¾åºå:        Oracle Corporation
21-Jun-2021 16:47:01.032 信息 [main] org.apache.catalina.startup.VersionLoggerListener.log CATALINA_BASE:     D:\tomcat8\catalina-home
21-Jun-2021 16:47:01.032 信息 [main] org.apache.catalina.startup.VersionLoggerListener.log CATALINA_HOME:     D:\tomcat8\catalina-home
21-Jun-2021 16:47:01.032 信息 [main] org.apache.catalina.startup.VersionLoggerListener.log å½ä»¤è¡åæ°ï¼       -Dfile.encoding=utf-8
21-Jun-2021 16:47:01.032 信息 [main] org.apache.catalina.startup.VersionLoggerListener.log å½ä»¤è¡åæ°ï¼       -Dcatalina.home=catalina-home
21-Jun-2021 16:47:01.032 信息 [main] org.apache.catalina.startup.VersionLoggerListener.log å½ä»¤è¡åæ°ï¼       -Dcatalina.base=catalina-home
21-Jun-2021 16:47:01.032 信息 [main] org.apache.catalina.startup.VersionLoggerListener.log å½ä»¤è¡åæ°ï¼       -Djava.endorsed.dirs=catalina-home/endorsed
21-Jun-2021 16:47:01.033 信息 [main] org.apache.catalina.startup.VersionLoggerListener.log å½ä»¤è¡åæ°ï¼       -Djava.io.tmpdir=catalina-home/temp
21-Jun-2021 16:47:01.033 信息 [main] org.apache.catalina.startup.VersionLoggerListener.log å½ä»¤è¡åæ°ï¼       -Djava.util.logging.manager=org.apache.juli.ClassLoaderLogManager
21-Jun-2021 16:47:01.033 信息 [main] org.apache.catalina.startup.VersionLoggerListener.log å½ä»¤è¡åæ°ï¼       -Djava.util.logging.config.file=catalina-home/conf/logging.properties
21-Jun-2021 16:47:01.033 信息 [main] org.apache.catalina.startup.VersionLoggerListener.log å½ä»¤è¡åæ°ï¼       -javaagent:J:\IntelliJ IDEA 2019.2.4\lib\idea_rt.jar=1689:J:\IntelliJ IDEA 2019.2.4\bin
21-Jun-2021 16:47:01.033 信息 [main] org.apache.catalina.startup.VersionLoggerListener.log å½ä»¤è¡åæ°ï¼       -Dfile.encoding=UTF-8
21-Jun-2021 16:47:01.033 信息 [main] org.apache.catalina.core.AprLifecycleListener.lifecycleEvent å¨java.library.path:[J:\jdk8_181\bin;C:\WINDOWS\Sun\Java\bin;C:\WINDOWS\system32;C:\WINDOWS;C:\Program Files (x86)\Common Files\Oracle\Java\javapath;C:\WINDOWS\system32;C:\WINDOWS;C:\WINDOWS\System32\Wbem;C:\WINDOWS\System32\WindowsPowerShell\v1.0\;C:\WINDOWS\System32\OpenSSH\;J:\Git\cmd;J:\svn\bin;C:\Program Files\yunhsmsdk\lib64;J:\jdk8_181\bin;J:\erlang23.1\erl-23.1\bin;J:\php-7.3.11-nts-Win32-VC15-x64;J:\arcanist\Arcanist\arcanist\bin;J:\apache-jmeter-5.3\apache-jmeter-5.3\bin;J:\apache-maven-3.5.0\apache-maven-3.5.0\bin;J:\mysql-5.7.30-winx64\mysql-5.7.30-winx64\bin;C:\Program Files\Microsoft VS Code\bin;J:\mingw64\bin;D:\bin;J:\apache-ant-1.10.10-bin\apache-ant-1.10.10\bin;C:\Users\admin\AppData\Local\Programs\Python\Python37-32\Scripts\;C:\Users\admin\AppData\Local\Programs\Python\Python37-32\;C:\Program Files (x86)\yunhsmsdk\lib;C:\Program Files (x86)\Common Files\Oracle\Java\javapath;C:\WINDOWS\system32;C:\WINDOWS;C:\WINDOWS\System32\Wbem;C:\WINDOWS\System32\WindowsPowerShell\v1.0\;C:\WINDOWS\System32\OpenSSH\;J:\Git\cmd;J:\svn\bin;C:\Users\admin\AppData\Local\Microsoft\WindowsApps;J:\bandzip\;J:\IntelliJ IDEA 2019.2.4\bin;%USERPROFILE%\AppData\Local\Microsoft\WindowsApps;;.]ä¸æ¾ä¸å°åºäºAPRçApache Tomcatæ¬æºåºï¼è¯¥åºåè®¸å¨çäº§ç¯å¢ä¸­è·å¾æä½³æ§è½
21-Jun-2021 16:47:01.128 信息 [main] org.apache.coyote.AbstractProtocol.init åå§ååè®®å¤çå¨ ["http-nio-8080"]
21-Jun-2021 16:47:01.353 信息 [main] org.apache.tomcat.util.net.NioSelectorPool.getSharedSelector Using a shared selector for servlet write/read
21-Jun-2021 16:47:01.362 信息 [main] org.apache.catalina.startup.Catalina.load Initialization processed in 739 ms
21-Jun-2021 16:47:01.388 信息 [main] org.apache.catalina.core.StandardService.startInternal æ­£å¨å¯å¨æå¡[Catalina]
21-Jun-2021 16:47:01.391 信息 [main] org.apache.catalina.core.StandardEngine.startInternal æ­£å¨å¯å¨ Servlet å¼æï¼[Apache Tomcat/@VERSION@]
21-Jun-2021 16:47:01.400 信息 [localhost-startStop-1] org.apache.catalina.startup.HostConfig.deployDirectory æweb åºç¨ç¨åºé¨ç½²å°ç®å½ [D:\tomcat8\catalina-home\webapps\docs]
21-Jun-2021 16:47:01.720 信息 [localhost-startStop-1] org.apache.jasper.servlet.TldScanner.scanJars è³å°æä¸ä¸ªJARè¢«æ«æç¨äºTLDä½å°æªåå«TLDã ä¸ºæ­¤è®°å½å¨å¯ç¨è°è¯æ¥å¿è®°å½ï¼ä»¥è·åå·²æ«æä½æªå¨å¶ä¸­æ¾å°TLDçå®æ´JARåè¡¨ã å¨æ«ææé´è·³è¿ä¸éè¦çJARå¯ä»¥ç¼©ç­å¯å¨æ¶é´åJSPç¼è¯æ¶é´ã
21-Jun-2021 16:47:01.747 信息 [localhost-startStop-1] org.apache.catalina.startup.HostConfig.deployDirectory Webåºç¨ç¨åºç®å½[D:\tomcat8\catalina-home\webapps\docs]çé¨ç½²å·²å¨[344]æ¯«ç§åå®æ
21-Jun-2021 16:47:01.747 信息 [localhost-startStop-1] org.apache.catalina.startup.HostConfig.deployDirectory æweb åºç¨ç¨åºé¨ç½²å°ç®å½ [D:\tomcat8\catalina-home\webapps\examples]
21-Jun-2021 16:47:01.921 信息 [localhost-startStop-1] org.apache.jasper.servlet.TldScanner.scanJars è³å°æä¸ä¸ªJARè¢«æ«æç¨äºTLDä½å°æªåå«TLDã ä¸ºæ­¤è®°å½å¨å¯ç¨è°è¯æ¥å¿è®°å½ï¼ä»¥è·åå·²æ«æä½æªå¨å¶ä¸­æ¾å°TLDçå®æ´JARåè¡¨ã å¨æ«ææé´è·³è¿ä¸éè¦çJARå¯ä»¥ç¼©ç­å¯å¨æ¶é´åJSPç¼è¯æ¶é´ã
21-Jun-2021 16:47:01.933 严重 [localhost-startStop-1] org.apache.catalina.core.StandardContext.startInternal ä¸ä¸ªæå¤ä¸ªlistenerså¯å¨å¤±è´¥ï¼æ´å¤è¯¦ç»ä¿¡æ¯æ¥çå¯¹åºçå®¹å¨æ¥å¿æä»¶
21-Jun-2021 16:47:01.934 严重 [localhost-startStop-1] org.apache.catalina.core.StandardContext.startInternal ç±äºä¹åçéè¯¯ï¼Context[/examples]å¯å¨å¤±è´¥
21-Jun-2021 16:47:01.940 信息 [localhost-startStop-1] org.apache.catalina.startup.HostConfig.deployDirectory Webåºç¨ç¨åºç®å½[D:\tomcat8\catalina-home\webapps\examples]çé¨ç½²å·²å¨[193]æ¯«ç§åå®æ
21-Jun-2021 16:47:01.941 信息 [localhost-startStop-1] org.apache.catalina.startup.HostConfig.deployDirectory æweb åºç¨ç¨åºé¨ç½²å°ç®å½ [D:\tomcat8\catalina-home\webapps\host-manager]
21-Jun-2021 16:47:02.016 信息 [localhost-startStop-1] org.apache.jasper.servlet.TldScanner.scanJars è³å°æä¸ä¸ªJARè¢«æ«æç¨äºTLDä½å°æªåå«TLDã ä¸ºæ­¤è®°å½å¨å¯ç¨è°è¯æ¥å¿è®°å½ï¼ä»¥è·åå·²æ«æä½æªå¨å¶ä¸­æ¾å°TLDçå®æ´JARåè¡¨ã å¨æ«ææé´è·³è¿ä¸éè¦çJARå¯ä»¥ç¼©ç­å¯å¨æ¶é´åJSPç¼è¯æ¶é´ã
21-Jun-2021 16:47:02.023 信息 [localhost-startStop-1] org.apache.catalina.startup.HostConfig.deployDirectory Webåºç¨ç¨åºç®å½[D:\tomcat8\catalina-home\webapps\host-manager]çé¨ç½²å·²å¨[82]æ¯«ç§åå®æ
21-Jun-2021 16:47:02.023 信息 [localhost-startStop-1] org.apache.catalina.startup.HostConfig.deployDirectory æweb åºç¨ç¨åºé¨ç½²å°ç®å½ [D:\tomcat8\catalina-home\webapps\manager]
21-Jun-2021 16:47:02.107 信息 [localhost-startStop-1] org.apache.jasper.servlet.TldScanner.scanJars è³å°æä¸ä¸ªJARè¢«æ«æç¨äºTLDä½å°æªåå«TLDã ä¸ºæ­¤è®°å½å¨å¯ç¨è°è¯æ¥å¿è®°å½ï¼ä»¥è·åå·²æ«æä½æªå¨å¶ä¸­æ¾å°TLDçå®æ´JARåè¡¨ã å¨æ«ææé´è·³è¿ä¸éè¦çJARå¯ä»¥ç¼©ç­å¯å¨æ¶é´åJSPç¼è¯æ¶é´ã
21-Jun-2021 16:47:02.109 信息 [localhost-startStop-1] org.apache.catalina.startup.HostConfig.deployDirectory Webåºç¨ç¨åºç®å½[D:\tomcat8\catalina-home\webapps\manager]çé¨ç½²å·²å¨[86]æ¯«ç§åå®æ
21-Jun-2021 16:47:02.109 信息 [localhost-startStop-1] org.apache.catalina.startup.HostConfig.deployDirectory æweb åºç¨ç¨åºé¨ç½²å°ç®å½ [D:\tomcat8\catalina-home\webapps\ROOT]
21-Jun-2021 16:47:02.186 信息 [localhost-startStop-1] org.apache.jasper.servlet.TldScanner.scanJars è³å°æä¸ä¸ªJARè¢«æ«æç¨äºTLDä½å°æªåå«TLDã ä¸ºæ­¤è®°å½å¨å¯ç¨è°è¯æ¥å¿è®°å½ï¼ä»¥è·åå·²æ«æä½æªå¨å¶ä¸­æ¾å°TLDçå®æ´JARåè¡¨ã å¨æ«ææé´è·³è¿ä¸éè¦çJARå¯ä»¥ç¼©ç­å¯å¨æ¶é´åJSPç¼è¯æ¶é´ã
21-Jun-2021 16:47:02.187 信息 [localhost-startStop-1] org.apache.catalina.startup.HostConfig.deployDirectory Webåºç¨ç¨åºç®å½[D:\tomcat8\catalina-home\webapps\ROOT]çé¨ç½²å·²å¨[78]æ¯«ç§åå®æ
21-Jun-2021 16:47:02.189 信息 [main] org.apache.coyote.AbstractProtocol.start å¼å§åè®®å¤çå¥æ["http-nio-8080"]
21-Jun-2021 16:47:02.201 信息 [main] org.apache.catalina.startup.Catalina.start Server startup in 839 ms
21-Jun-2021 16:47:48.326 INFO [main] org.apache.catalina.startup.VersionLoggerListener.log Server version name:   Apache Tomcat/@VERSION@
21-Jun-2021 16:47:48.327 INFO [main] org.apache.catalina.startup.VersionLoggerListener.log Server built:          @VERSION_BUILT@
21-Jun-2021 16:47:48.327 INFO [main] org.apache.catalina.startup.VersionLoggerListener.log Server version number: @VERSION_NUMBER@
21-Jun-2021 16:47:48.327 INFO [main] org.apache.catalina.startup.VersionLoggerListener.log OS Name:               Windows 10
21-Jun-2021 16:47:48.327 INFO [main] org.apache.catalina.startup.VersionLoggerListener.log OS Version:            10.0
21-Jun-2021 16:47:48.328 INFO [main] org.apache.catalina.startup.VersionLoggerListener.log Architecture:          amd64
21-Jun-2021 16:47:48.328 INFO [main] org.apache.catalina.startup.VersionLoggerListener.log Java Home:             J:\jdk8_181\jre
21-Jun-2021 16:47:48.328 INFO [main] org.apache.catalina.startup.VersionLoggerListener.log JVM Version:           1.8.0_181-b13
21-Jun-2021 16:47:48.328 INFO [main] org.apache.catalina.startup.VersionLoggerListener.log JVM Vendor:            Oracle Corporation
21-Jun-2021 16:47:48.328 INFO [main] org.apache.catalina.startup.VersionLoggerListener.log CATALINA_BASE:         D:\tomcat8\catalina-home
21-Jun-2021 16:47:48.328 INFO [main] org.apache.catalina.startup.VersionLoggerListener.log CATALINA_HOME:         D:\tomcat8\catalina-home
21-Jun-2021 16:47:48.328 INFO [main] org.apache.catalina.startup.VersionLoggerListener.log Command line argument: -Dcatalina.home=catalina-home
21-Jun-2021 16:47:48.328 INFO [main] org.apache.catalina.startup.VersionLoggerListener.log Command line argument: -Dcatalina.base=catalina-home
21-Jun-2021 16:47:48.329 INFO [main] org.apache.catalina.startup.VersionLoggerListener.log Command line argument: -Djava.endorsed.dirs=catalina-home/endorsed
21-Jun-2021 16:47:48.329 INFO [main] org.apache.catalina.startup.VersionLoggerListener.log Command line argument: -Djava.io.tmpdir=catalina-home/temp
21-Jun-2021 16:47:48.329 INFO [main] org.apache.catalina.startup.VersionLoggerListener.log Command line argument: -Djava.util.logging.manager=org.apache.juli.ClassLoaderLogManager
21-Jun-2021 16:47:48.329 INFO [main] org.apache.catalina.startup.VersionLoggerListener.log Command line argument: -Djava.util.logging.config.file=catalina-home/conf/logging.properties
21-Jun-2021 16:47:48.329 INFO [main] org.apache.catalina.startup.VersionLoggerListener.log Command line argument: -Duser.country=EN
21-Jun-2021 16:47:48.329 INFO [main] org.apache.catalina.startup.VersionLoggerListener.log Command line argument: -javaagent:J:\IntelliJ IDEA 2019.2.4\lib\idea_rt.jar=1783:J:\IntelliJ IDEA 2019.2.4\bin
21-Jun-2021 16:47:48.329 INFO [main] org.apache.catalina.startup.VersionLoggerListener.log Command line argument: -Dfile.encoding=UTF-8
21-Jun-2021 16:47:48.329 INFO [main] org.apache.catalina.core.AprLifecycleListener.lifecycleEvent The Apache Tomcat Native library which allows using OpenSSL was not found on the java.library.path: [J:\jdk8_181\bin;C:\WINDOWS\Sun\Java\bin;C:\WINDOWS\system32;C:\WINDOWS;C:\Program Files (x86)\Common Files\Oracle\Java\javapath;C:\WINDOWS\system32;C:\WINDOWS;C:\WINDOWS\System32\Wbem;C:\WINDOWS\System32\WindowsPowerShell\v1.0\;C:\WINDOWS\System32\OpenSSH\;J:\Git\cmd;J:\svn\bin;C:\Program Files\yunhsmsdk\lib64;J:\jdk8_181\bin;J:\erlang23.1\erl-23.1\bin;J:\php-7.3.11-nts-Win32-VC15-x64;J:\arcanist\Arcanist\arcanist\bin;J:\apache-jmeter-5.3\apache-jmeter-5.3\bin;J:\apache-maven-3.5.0\apache-maven-3.5.0\bin;J:\mysql-5.7.30-winx64\mysql-5.7.30-winx64\bin;C:\Program Files\Microsoft VS Code\bin;J:\mingw64\bin;D:\bin;J:\apache-ant-1.10.10-bin\apache-ant-1.10.10\bin;C:\Users\admin\AppData\Local\Programs\Python\Python37-32\Scripts\;C:\Users\admin\AppData\Local\Programs\Python\Python37-32\;C:\Program Files (x86)\yunhsmsdk\lib;C:\Program Files (x86)\Common Files\Oracle\Java\javapath;C:\WINDOWS\system32;C:\WINDOWS;C:\WINDOWS\System32\Wbem;C:\WINDOWS\System32\WindowsPowerShell\v1.0\;C:\WINDOWS\System32\OpenSSH\;J:\Git\cmd;J:\svn\bin;C:\Users\admin\AppData\Local\Microsoft\WindowsApps;J:\bandzip\;J:\IntelliJ IDEA 2019.2.4\bin;%USERPROFILE%\AppData\Local\Microsoft\WindowsApps;;.]
21-Jun-2021 16:47:48.441 INFO [main] org.apache.coyote.AbstractProtocol.init Initializing ProtocolHandler ["http-nio-8080"]
21-Jun-2021 16:47:48.654 INFO [main] org.apache.tomcat.util.net.NioSelectorPool.getSharedSelector Using a shared selector for servlet write/read
21-Jun-2021 16:47:48.667 INFO [main] org.apache.catalina.startup.Catalina.load Initialization processed in 698 ms
21-Jun-2021 16:47:48.700 INFO [main] org.apache.catalina.core.StandardService.startInternal Starting service [Catalina]
21-Jun-2021 16:47:48.700 INFO [main] org.apache.catalina.core.StandardEngine.startInternal Starting Servlet engine: [Apache Tomcat/@VERSION@]
21-Jun-2021 16:47:48.712 INFO [localhost-startStop-1] org.apache.catalina.startup.HostConfig.deployDirectory Deploying web application directory [D:\tomcat8\catalina-home\webapps\docs]
21-Jun-2021 16:47:49.012 INFO [localhost-startStop-1] org.apache.jasper.servlet.TldScanner.scanJars At least one JAR was scanned for TLDs yet contained no TLDs. Enable debug logging for this logger for a complete list of JARs that were scanned but no TLDs were found in them. Skipping unneeded JARs during scanning can improve startup time and JSP compilation time.
21-Jun-2021 16:47:49.030 INFO [localhost-startStop-1] org.apache.catalina.startup.HostConfig.deployDirectory Deployment of web application directory [D:\tomcat8\catalina-home\webapps\docs] has finished in [318] ms
21-Jun-2021 16:47:49.030 INFO [localhost-startStop-1] org.apache.catalina.startup.HostConfig.deployDirectory Deploying web application directory [D:\tomcat8\catalina-home\webapps\examples]
21-Jun-2021 16:47:49.193 INFO [localhost-startStop-1] org.apache.jasper.servlet.TldScanner.scanJars At least one JAR was scanned for TLDs yet contained no TLDs. Enable debug logging for this logger for a complete list of JARs that were scanned but no TLDs were found in them. Skipping unneeded JARs during scanning can improve startup time and JSP compilation time.
21-Jun-2021 16:47:49.205 SEVERE [localhost-startStop-1] org.apache.catalina.core.StandardContext.startInternal One or more listeners failed to start. Full details will be found in the appropriate container log file
21-Jun-2021 16:47:49.205 SEVERE [localhost-startStop-1] org.apache.catalina.core.StandardContext.startInternal Context [/examples] startup failed due to previous errors
21-Jun-2021 16:47:49.213 INFO [localhost-startStop-1] org.apache.catalina.startup.HostConfig.deployDirectory Deployment of web application directory [D:\tomcat8\catalina-home\webapps\examples] has finished in [183] ms
21-Jun-2021 16:47:49.213 INFO [localhost-startStop-1] org.apache.catalina.startup.HostConfig.deployDirectory Deploying web application directory [D:\tomcat8\catalina-home\webapps\host-manager]
21-Jun-2021 16:47:49.297 INFO [localhost-startStop-1] org.apache.jasper.servlet.TldScanner.scanJars At least one JAR was scanned for TLDs yet contained no TLDs. Enable debug logging for this logger for a complete list of JARs that were scanned but no TLDs were found in them. Skipping unneeded JARs during scanning can improve startup time and JSP compilation time.
21-Jun-2021 16:47:49.305 INFO [localhost-startStop-1] org.apache.catalina.startup.HostConfig.deployDirectory Deployment of web application directory [D:\tomcat8\catalina-home\webapps\host-manager] has finished in [92] ms
21-Jun-2021 16:47:49.305 INFO [localhost-startStop-1] org.apache.catalina.startup.HostConfig.deployDirectory Deploying web application directory [D:\tomcat8\catalina-home\webapps\manager]
21-Jun-2021 16:47:49.386 INFO [localhost-startStop-1] org.apache.jasper.servlet.TldScanner.scanJars At least one JAR was scanned for TLDs yet contained no TLDs. Enable debug logging for this logger for a complete list of JARs that were scanned but no TLDs were found in them. Skipping unneeded JARs during scanning can improve startup time and JSP compilation time.
21-Jun-2021 16:47:49.388 INFO [localhost-startStop-1] org.apache.catalina.startup.HostConfig.deployDirectory Deployment of web application directory [D:\tomcat8\catalina-home\webapps\manager] has finished in [83] ms
21-Jun-2021 16:47:49.388 INFO [localhost-startStop-1] org.apache.catalina.startup.HostConfig.deployDirectory Deploying web application directory [D:\tomcat8\catalina-home\webapps\ROOT]
21-Jun-2021 16:47:49.457 INFO [localhost-startStop-1] org.apache.jasper.servlet.TldScanner.scanJars At least one JAR was scanned for TLDs yet contained no TLDs. Enable debug logging for this logger for a complete list of JARs that were scanned but no TLDs were found in them. Skipping unneeded JARs during scanning can improve startup time and JSP compilation time.
21-Jun-2021 16:47:49.459 INFO [localhost-startStop-1] org.apache.catalina.startup.HostConfig.deployDirectory Deployment of web application directory [D:\tomcat8\catalina-home\webapps\ROOT] has finished in [71] ms
21-Jun-2021 16:47:49.470 INFO [main] org.apache.coyote.AbstractProtocol.start Starting ProtocolHandler ["http-nio-8080"]
21-Jun-2021 16:47:49.480 INFO [main] org.apache.catalina.startup.Catalina.start Server startup in 813 ms
